\BOOKMARK [0][-]{dummy.1}{\376\377\004\045\004\103\004\100\004\060\004\060\004\075\004\063\004\103\004\071}{}% 1
\BOOKMARK [0][-]{dummy.2}{\376\377\004\023\004\060\004\100\004\107\004\070\004\063}{}% 2
\BOOKMARK [0][-]{dummy.4}{\376\377\004\042\004\076\004\062\004\107\004\070\004\073\004\101\004\076\004\075\000\040\004\257\004\063\004\101\004\070\004\071\004\075\000\040\004\066\004\060\004\063\004\101\004\060\004\060\004\073\004\102}{}% 3
\BOOKMARK [0][-]{dummy.6}{\376\377\004\035\004\115\004\100\000\040\004\102\004\076\004\074\004\114\004\121\004\076\004\075\004\113\000\040\004\102\004\060\004\071\004\073\004\061\004\060\004\100\000\040\004\102\004\076\004\073\004\114}{}% 4
\BOOKMARK [0][-]{dummy.8}{\376\377\004\045\004\257\004\101\004\075\004\115\004\063\004\102\004\070\004\071\004\075\000\040\004\066\004\060\004\063\004\101\004\060\004\060\004\073\004\102}{}% 5
\BOOKMARK [0][-]{dummy.10}{\376\377\004\027\004\103\004\100\004\063\004\070\004\071\004\075\000\040\004\066\004\060\004\063\004\101\004\060\004\060\004\073\004\102}{}% 6
\BOOKMARK [0][-]{chapter.12}{\376\377\0001\000\040\004\020\004\066\004\073\004\113\004\075\000\040\004\102\004\351\004\073\004\351\004\062\004\073\004\351\004\063\004\351\004\351}{}% 7
\BOOKMARK [0][-]{chapter.14}{\376\377\0002\000\040\004\043\004\064\004\070\004\100\004\102\004\063\004\060\004\073}{}% 8
\BOOKMARK [1][-]{section.15}{\376\377\0002\000.\0001\000\040\004\256\004\075\004\064\004\115\004\101\004\073\004\115\004\073\000,\000\040\004\060\004\107\000\040\004\105\004\076\004\073\004\061\004\076\004\063\004\064\004\076\004\073}{chapter.14}% 9
\BOOKMARK [1][-]{section.16}{\376\377\0002\000.\0002\000\040\004\027\004\076\004\100\004\070\004\073\004\063\004\076\000,\000\040\004\067\004\076\004\100\004\070\004\073\004\102}{chapter.14}% 10
\BOOKMARK [1][-]{section.23}{\376\377\0002\000.\0003\000\040\004\041\004\103\004\064\004\060\004\073\004\063\004\060\004\060\004\075\004\113\000\040\004\060\004\101\004\103\004\103\004\073\004\102\000\040\004\061\004\060\000\040\004\105\004\115\004\074\004\066\004\070\004\063\004\064\004\115\004\105\000\040\004\110\004\060\004\073\004\063\004\103\004\103\004\100}{chapter.14}% 11
\BOOKMARK [0][-]{chapter.25}{\376\377\0003\000\040\004\041\004\103\004\064\004\060\004\073\004\063\004\060\004\060\004\075\004\113\000\040\004\101\004\115\004\064\004\062\004\070\004\071\004\075\000\040\004\076\004\075\004\076\004\073\000,\000\040\004\351\004\075\004\351\004\351\004\063\004\070\004\071\004\075\000\040\004\102\004\257\004\062\004\110\004\070\004\075}{}% 12
\BOOKMARK [1][-]{section.26}{\376\377\0003\000.\0001\000\040\004\041\004\060\004\075\004\105\004\257\004\257\004\063\004\070\004\071\004\075\000\040\004\067\004\060\004\105\000\040\004\067\004\115\004\115\004\073\004\070\004\071\004\075\000\040\004\102\004\060\004\060\004\074\004\060\004\063\004\073\004\060\004\073\004\064\000\040\004\074\004\060\004\110\004\070\004\075\000\040\004\101\004\103\004\100\004\063\004\060\004\073\004\102\004\113\004\063\000\040\004\105\004\115\004\100\004\115\004\063\004\073\004\115\004\101\004\115\004\075\000\040\004\101\004\103\004\064\004\060\004\073\004\063\004\060\004\060\004\075\004\103\004\103\004\064}{chapter.25}% 13
\BOOKMARK [1][-]{section.31}{\376\377\0003\000.\0002\000\040\004\050\004\070\004\075\004\066\000\040\004\107\004\060\004\075\004\060\004\100\004\103\004\103\004\064\004\113\004\075\000\040\004\101\004\103\004\064\004\060\004\073\004\063\004\060\004\060}{chapter.25}% 14
\BOOKMARK [1][-]{section.34}{\376\377\0003\000.\0003\000\040\004\043\004\100\004\060\004\063\004\110\000\040\004\063\004\257\004\071\004\073\004\063\004\115\004\075\000\040\004\061\004\060\004\102\004\060\004\073\004\063\004\060\004\060\004\066\004\103\004\103\004\073\004\060\004\073\004\102\000\040\000\050\000w\000a\000l\000k\000-\000f\000o\000r\000w\000a\000r\000d\000\040\000v\000a\000l\000i\000d\000a\000t\000i\000o\000n\000\051\000\040\004\061\004\060\000\040\004\101\004\060\004\075\004\105\004\257\004\257\004\063\004\070\004\071\004\075\000\040\004\106\004\060\004\063\000\040\004\105\004\103\004\063\004\060\004\106\004\060\004\060\004\075\004\113\000\040\004\106\004\103\004\062\004\060\004\060}{chapter.25}% 15
\BOOKMARK [1][-]{section.35}{\376\377\0003\000.\0004\000\040\004\044\004\076\004\100\004\065\004\072\004\101\000\040\004\060\004\100\004\070\004\073\004\066\004\060\004\060\004\075\004\113\000\040\004\060\004\077\004\077\004\073\004\070\004\072\004\065\004\071\004\110\004\075\000\040\004\061\004\060\000\040\004\102\004\065\004\105\004\075\004\076\004\073\004\076\004\063\004\070\004\071\004\075\000\040\004\105\004\115\004\100\004\115\004\063\004\066\004\257\004\257\004\073\004\115\004\073\004\102}{chapter.25}% 16
\BOOKMARK [1][-]{section.39}{\376\377\0003\000.\0005\000\040\004\042\004\351\004\101\004\351\004\351\004\102\004\115\004\071\000\040\004\101\004\070\004\101\004\102\004\065\004\074\004\257\004\257\004\064\000\040\004\061\004\060\000\040\004\105\004\060\004\100\004\114\004\106\004\103\004\103\004\073\004\060\004\073\004\102}{chapter.25}% 17
\BOOKMARK [1][-]{section.42}{\376\377\0003\000.\0006\000\040\004\041\004\103\004\064\004\060\004\073\004\063\004\060\004\060\004\075\004\113\000\040\004\060\004\100\004\063\004\060\000\040\004\061\004\060\004\100\004\070\004\073}{chapter.25}% 18
\BOOKMARK [1][-]{section.47}{\376\377\0003\000.\0007\000\040\004\041\004\070\004\101\004\102\004\065\004\074\004\070\004\071\004\075\000\040\004\065\004\100\004\351\004\075\004\105\004\070\004\071\000\040\004\061\004\257\004\102\004\115\004\106}{chapter.25}% 19
\BOOKMARK [1][-]{section.53}{\376\377\0003\000.\0008\000\040\004\350\004\063\004\351\004\063\004\064\004\073\004\070\004\071\004\075\000\040\004\103\004\100\004\101\004\063\004\060\004\073}{chapter.25}% 20
\BOOKMARK [1][-]{section.55}{\376\377\0003\000.\0009\000\040\004\350\004\063\004\351\004\063\004\064\004\073\004\070\004\071\004\075\000\040\004\061\004\115\004\073\004\102\004\063\004\115\004\073}{chapter.25}% 21
\BOOKMARK [1][-]{section.73}{\376\377\0003\000.\0001\0000\000\040\000A\000I\000\040\004\067\004\060\004\063\004\062\004\060\004\100\004\113\004\075\000\040\004\061\004\257\004\102\004\115\004\106\000\040\004\061\004\060\000\040\004\101\004\103\004\100\004\063\004\060\004\073\004\102}{chapter.25}% 22
\BOOKMARK [1][-]{section.86}{\376\377\0003\000.\0001\0001\000\040\004\024\004\076\004\105\004\070\004\076\000\040\004\257\004\257\004\101\004\063\004\115\004\105\000\040\004\101\004\070\004\101\004\102\004\065\004\074}{chapter.25}% 23
\BOOKMARK [1][-]{section.103}{\376\377\0003\000.\0001\0002\000\040\000M\000e\000t\000a\000T\000r\000a\000d\000e\000r\000\040\0005\000\040\004\102\004\257\004\257\004\105\004\115\004\075\000\040\004\351\004\063\004\351\004\063\004\064\004\351\004\073\000\040\004\064\004\115\004\115\004\100\004\105\000\040\004\101\004\070\004\101\004\102\004\065\004\074\004\070\004\071\004\075\000\040\004\102\004\103\004\100\004\110\004\070\004\073\004\102\000\040\000\050\000b\000a\000c\000k\000t\000e\000s\000t\000i\000n\000g\000\051}{chapter.25}% 24
\BOOKMARK [1][-]{section.116}{\376\377\0003\000.\0001\0003\000\040\004\041\004\065\004\100\004\062\004\065\004\100\004\070\004\071\004\075\000\040\004\105\004\115\004\101\004\063\004\070\004\071\004\075\000\040\004\105\004\115\004\100\004\115\004\063\004\066\004\257\004\257\004\073\004\115\004\073\004\102}{chapter.25}% 25
\BOOKMARK [1][-]{section.130}{\376\377\0003\000.\0001\0004\000\040\004\034\004\076\004\061\004\060\004\071\004\073\000\040\004\064\004\060\004\062\004\105\004\060\004\100\004\063\004\113\004\075\000\040\004\060\004\100\004\105\004\070\004\102\004\065\004\072\004\102\004\103\004\100\004\113\004\075\000\040\004\105\004\103\004\100\004\060\004\060\004\075\004\063\004\103\004\071}{chapter.25}% 26
\BOOKMARK [1][-]{section.131}{\376\377\0003\000.\0001\0005\000\040\004\027\004\060\004\063\004\062\004\060\004\100\004\113\004\075\000\040\004\064\004\060\004\062\004\102\004\060\004\073\004\102\004\060\004\102\000\040\004\101\004\060\004\071\004\066\004\100\004\103\004\103\004\073\004\060\004\073\004\102}{chapter.25}% 27
\BOOKMARK [0][-]{chapter.133}{\376\377\0004\000\040\004\041\004\103\004\064\004\060\004\073\004\063\004\060\004\060\004\075\004\113\000\040\004\257\004\100\000\040\004\064\004\257\004\075\000,\000\040\004\064\004\257\004\063\004\075\004\115\004\073\004\102}{}% 28
\BOOKMARK [1][-]{section.134}{\376\377\0004\000.\0001\000\040\004\256\004\100\000\040\004\064\004\257\004\075\004\063\004\070\004\071\004\075\000\040\004\351\004\063\004\351\004\063\004\064\004\073\004\070\004\071\004\075\000\040\004\115\004\105\000\040\004\101\004\103\004\100\004\062\004\060\004\073\004\066}{chapter.133}% 29
\BOOKMARK [1][-]{section.137}{\376\377\0004\000.\0002\000\040\004\021\004\076\004\101\004\063\004\113\004\075\000\040\004\074\004\103\004\066\004\070\004\071\004\075\000\040\004\075\004\115\004\063\004\102\004\063\004\115\004\101\004\115\004\075\000\040\004\257\004\100\000\040\004\064\004\257\004\075}{chapter.133}% 30
\BOOKMARK [1][-]{section.152}{\376\377\0004\000.\0003\000\040\004\256\004\100\000\040\004\064\004\257\004\075\004\063\004\070\004\071\004\075\000\040\004\102\004\060\004\071\004\073\004\061\004\060\004\100}{chapter.133}% 31
\BOOKMARK [1][-]{section.159}{\376\377\0004\000.\0004\000\040\004\024\004\060\004\105\004\070\004\075\000\040\004\105\004\115\004\100\004\115\004\063\004\066\004\257\004\257\004\073\004\115\004\105\000\040\004\061\004\076\004\073\004\076\004\074\004\066\000\040\004\061\004\060\000\040\004\076\004\100\004\107\004\075\004\113\000\040\004\075\004\351\004\105\004\106\004\351\004\073}{chapter.133}% 32
\BOOKMARK [1][-]{section.160}{\376\377\0004\000.\0005\000\040\004\037\004\100\004\060\004\072\004\102\004\070\004\072\000\040\004\110\004\070\004\071\004\064\004\062\004\115\004\100\000\040\004\063\004\060\004\100\004\063\004\060\004\073\004\102\004\113\004\075\000\040\004\105\004\257\004\100\004\115\004\115}{chapter.133}% 33
\BOOKMARK [1][-]{section.161}{\376\377\0004\000.\0006\000\040\004\024\004\257\004\063\004\075\004\115\004\073\004\102}{chapter.133}% 34
\BOOKMARK [0][-]{dummy.183}{\376\377\004\035\004\076\004\074\000\040\004\067\004\257\004\071}{}% 35
\BOOKMARK [0][-]{dummy.185}{\376\377\004\042\004\076\004\062\004\107\004\073\004\076\004\073}{}% 36
